2015-05-10 17:56:00.029 INFO [jobExecutor-1] START searching keywords of SearchEngine: 1
2015-05-10 17:56:00.029 INFO [jobExecutor-3] START searching keywords of SearchEngine: 3
2015-05-10 17:56:00.029 INFO [jobExecutor-2] START searching keywords of SearchEngine: 2
2015-05-10 17:56:00.043 INFO [jobExecutor-3] Found: 0 record to search
2015-05-10 17:56:00.043 INFO [jobExecutor-2] Found: 0 record to search
2015-05-10 17:56:00.057 INFO [jobExecutor-3] Found: 1 proxy available
2015-05-10 17:56:00.057 INFO [jobExecutor-2] Found: 1 proxy available
2015-05-10 17:56:00.057 INFO [jobExecutor-3] FINISH searching keywords of SearchEngine: 3
2015-05-10 17:56:00.057 INFO [jobExecutor-2] FINISH searching keywords of SearchEngine: 2
2015-05-10 17:56:00.084 INFO [jobExecutor-1] Found: 7 record to search
2015-05-10 17:56:00.108 INFO [jobExecutor-1] Found: 7 proxy available
2015-05-10 17:56:00.191 INFO [SemRankerExecutor-1] CALL: https://www.google.it/search?q=best seo software&num=100&uule=w+CAIQICIFSXRhbHk&start=0 SYSPROXY: 92.255.27.50 APPPROXY: 92.255.27.50
2015-05-10 17:56:00.603 INFO [pool-2-thread-1] It's not yet time to update the competitors there are still 1 job in progress. Wait for 4 minutes before retry
2015-05-10 17:56:00.911 INFO [SemRankerExecutor-2] CALL: https://www.google.it/search?q=buy seo software&num=100&uule=w+CAIQICIFSXRhbHk&start=0 SYSPROXY: 186.93.179.238 APPPROXY: 186.93.179.238
2015-05-10 17:56:01.535 INFO [SemRankerExecutor-3] CALL: https://www.google.com/search?q=best seo software&num=100&uule=w+CAIQICINVW5pdGVkIFN0YXRlcw&start=0 SYSPROXY: 201.243.107.241 APPPROXY: 201.243.107.241
2015-05-10 17:56:02.250 INFO [SemRankerExecutor-4] CALL: https://www.google.com/search?q=buy seo software&num=100&uule=w+CAIQICINVW5pdGVkIFN0YXRlcw&start=0 SYSPROXY: 186.154.203.45 APPPROXY: 186.154.203.45
2015-05-10 17:56:03.001 INFO [SemRankerExecutor-5] CALL: https://www.google.fr/search?q=best seo software&num=100&uule=w+CAIQICIGRnJhbmNl&start=0 SYSPROXY: 190.198.113.159 APPPROXY: 190.198.113.159
2015-05-10 17:56:03.457 INFO [SemRankerExecutor-6] CALL: https://www.google.fr/search?q=buy seo software&num=100&uule=w+CAIQICIGRnJhbmNl&start=0 SYSPROXY: 112.150.156.223 APPPROXY: 112.150.156.223
2015-05-10 17:56:04.073 INFO [SemRankerExecutor-7] CALL: https://www.google.de/search?q=buy seo software&num=100&uule=w+CAIQICIHR2VybWFueQ&start=0 SYSPROXY: 204.27.58.202 APPPROXY: 204.27.58.202
2015-05-10 17:56:04.316 INFO [SemRankerExecutor-4] StopWatch 'Google USA keyword: buy seo software Proxy: 186.154.203.45:3128 UA: Mozilla/5.0 (Windows NT 6.1) AppleWebKit/537.36 (KHTML, like Gecko) Chrome/41.0.2228.0 Safari/537.36': running time (millis) = 2066
-----------------------------------------
ms     %     Task name
-----------------------------------------
01830  089%  Searchengine call
00236  011%  Data parse

2015-05-10 17:56:04.615 INFO [jobExecutor-1] 7 active threads. Waiting...
2015-05-10 17:56:04.924 INFO [SemRankerExecutor-4] KEYWORD STORED BY PROXY: kw=buy seo software proxy=186.154.203.45 se=Google USA
2015-05-10 17:56:11.402 INFO [jobExecutor-1] 6 active threads. Waiting...
2015-05-10 17:56:13.998 WARN [SemRankerExecutor-6] KEYWORD FAILED ON PROXY: kw=buy seo software proxy=112.150.156.223 se=Google France
2015-05-10 17:56:14.315 WARN [SemRankerExecutor-1] KEYWORD FAILED ON PROXY: kw=best seo software proxy=92.255.27.50 se=Google Italy
2015-05-10 17:56:17.550 INFO [jobExecutor-1] 4 active threads. Waiting...
2015-05-10 17:56:24.175 INFO [jobExecutor-1] 4 active threads. Waiting...
2015-05-10 17:56:31.938 INFO [jobExecutor-1] 4 active threads. Waiting...
2015-05-10 17:56:37.245 INFO [jobExecutor-1] 4 active threads. Waiting...
2015-05-10 17:56:43.286 INFO [jobExecutor-1] 4 active threads. Waiting...
2015-05-10 17:56:49.908 INFO [jobExecutor-1] 4 active threads. Waiting...
2015-05-10 17:56:56.888 WARN [SemRankerExecutor-5] KEYWORD FAILED ON PROXY: kw=best seo software proxy=190.198.113.159 se=Google France
2015-05-10 17:56:57.613 INFO [jobExecutor-1] 3 active threads. Waiting...
2015-05-10 17:57:02.408 INFO [SemRankerExecutor-2] StopWatch 'Google Italy keyword: buy seo software Proxy: 186.93.179.238:8080 UA: Mozilla/5.0 (Windows NT 6.3; rv:36.0) Gecko/20100101 Firefox/36.0': running time (millis) = 61498
-----------------------------------------
ms     %     Task name
-----------------------------------------
61404  100%  Searchengine call
00094  000%  Data parse

2015-05-10 17:57:02.592 INFO [SemRankerExecutor-3] StopWatch 'Google USA keyword: best seo software Proxy: 201.243.107.241:8080 UA: Mozilla/5.0 (Windows NT 6.1; WOW64; Trident/7.0; AS; rv:11.0) like Gecko': running time (millis) = 61057
-----------------------------------------
ms     %     Task name
-----------------------------------------
60954  100%  Searchengine call
00103  000%  Data parse

2015-05-10 17:57:02.793 INFO [SemRankerExecutor-2] KEYWORD STORED BY PROXY: kw=buy seo software proxy=186.93.179.238 se=Google Italy
2015-05-10 17:57:02.966 INFO [SemRankerExecutor-3] KEYWORD STORED BY PROXY: kw=best seo software proxy=201.243.107.241 se=Google USA
2015-05-10 17:57:05.005 INFO [SemRankerExecutor-7] StopWatch 'Google Germany keyword: buy seo software Proxy: 204.27.58.202:3128 UA: Mozilla/5.0 (Windows NT 6.1; WOW64) AppleWebKit/537.36 (KHTML, like Gecko) Chrome/41.0.2227.0 Safari/537.36': running time (millis) = 60932
-----------------------------------------
ms     %     Task name
-----------------------------------------
60891  100%  Searchengine call
00041  000%  Data parse

2015-05-10 17:57:05.221 INFO [SemRankerExecutor-7] KEYWORD STORED BY PROXY: kw=buy seo software proxy=204.27.58.202 se=Google Germany
2015-05-10 17:57:05.253 INFO [jobExecutor-1] Waiting 20 seconds between iteration...
2015-05-10 17:57:25.258 INFO [jobExecutor-1] Iteration num. 1 max: 60
2015-05-10 17:57:25.269 INFO [jobExecutor-1] Found: 3 record to search
2015-05-10 17:57:25.276 INFO [jobExecutor-1] Found: 3 proxy available
2015-05-10 17:57:25.308 INFO [SemRankerExecutor-8] CALL: https://www.google.it/search?q=best seo software&num=100&uule=w+CAIQICIFSXRhbHk&start=0 SYSPROXY: 186.93.125.205 APPPROXY: 186.93.125.205
2015-05-10 17:57:26.033 INFO [SemRankerExecutor-9] CALL: https://www.google.fr/search?q=best seo software&num=100&uule=w+CAIQICIGRnJhbmNl&start=0 SYSPROXY: 94.23.59.45 APPPROXY: 94.23.59.45
2015-05-10 17:57:26.754 INFO [SemRankerExecutor-10] CALL: https://www.google.fr/search?q=buy seo software&num=100&uule=w+CAIQICIGRnJhbmNl&start=0 SYSPROXY: 190.39.99.233 APPPROXY: 190.39.99.233
2015-05-10 17:57:27.365 INFO [jobExecutor-1] 3 active threads. Waiting...
2015-05-10 17:57:32.090 INFO [jobExecutor-1] 3 active threads. Waiting...
2015-05-10 17:57:38.996 INFO [jobExecutor-1] 3 active threads. Waiting...
2015-05-10 17:57:46.484 INFO [jobExecutor-1] 3 active threads. Waiting...
2015-05-10 17:57:53.792 INFO [jobExecutor-1] 3 active threads. Waiting...
2015-05-10 17:58:00.193 INFO [jobExecutor-1] 3 active threads. Waiting...
2015-05-10 17:58:04.296 INFO [jobExecutor-1] 3 active threads. Waiting...
2015-05-10 17:58:11.522 INFO [jobExecutor-1] 3 active threads. Waiting...
2015-05-10 17:58:16.093 INFO [jobExecutor-1] 3 active threads. Waiting...
2015-05-10 17:58:22.986 INFO [jobExecutor-1] 3 active threads. Waiting...
2015-05-10 17:58:27.714 INFO [SemRankerExecutor-10] StopWatch 'Google France keyword: buy seo software Proxy: 190.39.99.233:8080 UA: Mozilla/5.0 (Windows NT 6.1; WOW64) AppleWebKit/537.36 (KHTML, like Gecko) Chrome/41.0.2227.0 Safari/537.36': running time (millis) = 60960
-----------------------------------------
ms     %     Task name
-----------------------------------------
60936  100%  Searchengine call
00024  000%  Data parse

2015-05-10 17:58:27.921 INFO [SemRankerExecutor-10] KEYWORD STORED BY PROXY: kw=buy seo software proxy=190.39.99.233 se=Google France
2015-05-10 17:58:28.640 WARN [SemRankerExecutor-8] KEYWORD FAILED ON PROXY: kw=best seo software proxy=186.93.125.205 se=Google Italy
2015-05-10 17:58:30.340 INFO [jobExecutor-1] 1 active threads. Waiting...
2015-05-10 17:58:32.520 WARN [SemRankerExecutor-9] KEYWORD FAILED ON PROXY: kw=best seo software proxy=94.23.59.45 se=Google France
2015-05-10 17:58:37.193 INFO [jobExecutor-1] Waiting 20 seconds between iteration...
2015-05-10 17:58:57.202 INFO [jobExecutor-1] Iteration num. 2 max: 60
2015-05-10 17:58:57.212 INFO [jobExecutor-1] Found: 2 record to search
2015-05-10 17:58:57.218 INFO [jobExecutor-1] Found: 2 proxy available
2015-05-10 17:58:57.252 INFO [SemRankerExecutor-11] CALL: https://www.google.it/search?q=best seo software&num=100&uule=w+CAIQICIFSXRhbHk&start=0 SYSPROXY: 190.201.27.9 APPPROXY: 190.201.27.9
2015-05-10 17:58:57.862 INFO [SemRankerExecutor-12] CALL: https://www.google.fr/search?q=best seo software&num=100&uule=w+CAIQICIGRnJhbmNl&start=0 SYSPROXY: 183.224.97.90 APPPROXY: 183.224.97.90
2015-05-10 17:58:58.608 INFO [jobExecutor-1] 2 active threads. Waiting...
2015-05-10 17:59:04.946 INFO [jobExecutor-1] 2 active threads. Waiting...
2015-05-10 17:59:10.956 INFO [jobExecutor-1] 2 active threads. Waiting...
2015-05-10 17:59:16.295 INFO [jobExecutor-1] 2 active threads. Waiting...
2015-05-10 17:59:22.730 INFO [jobExecutor-1] 2 active threads. Waiting...
2015-05-10 17:59:28.866 WARN [SemRankerExecutor-11] KEYWORD FAILED ON PROXY: kw=best seo software proxy=190.201.27.9 se=Google Italy
2015-05-10 17:59:30.710 INFO [jobExecutor-1] 1 active threads. Waiting...
2015-05-10 17:59:37.367 INFO [jobExecutor-1] 1 active threads. Waiting...
2015-05-10 17:59:44.891 INFO [jobExecutor-1] 1 active threads. Waiting...
2015-05-10 17:59:51.220 INFO [jobExecutor-1] 1 active threads. Waiting...
2015-05-10 17:59:56.500 INFO [jobExecutor-1] 1 active threads. Waiting...
2015-05-10 18:00:00.606 INFO [pool-2-thread-1] It's not yet time to update the competitors there are still 1 job in progress. Wait for 4 minutes before retry
2015-05-10 18:00:03.263 WARN [SemRankerExecutor-12] KEYWORD FAILED ON PROXY: kw=best seo software proxy=183.224.97.90 se=Google France
2015-05-10 18:00:04.328 INFO [jobExecutor-1] Waiting 20 seconds between iteration...
2015-05-10 18:00:24.333 INFO [jobExecutor-1] Iteration num. 3 max: 60
2015-05-10 18:00:24.342 INFO [jobExecutor-1] Found: 2 record to search
2015-05-10 18:00:24.348 INFO [jobExecutor-1] Found: 2 proxy available
2015-05-10 18:00:24.377 INFO [SemRankerExecutor-13] CALL: https://www.google.it/search?q=best seo software&num=100&uule=w+CAIQICIFSXRhbHk&start=0 SYSPROXY: 186.154.203.45 APPPROXY: 186.154.203.45
2015-05-10 18:00:25.100 INFO [SemRankerExecutor-14] CALL: https://www.google.fr/search?q=best seo software&num=100&uule=w+CAIQICIGRnJhbmNl&start=0 SYSPROXY: 204.27.58.202 APPPROXY: 204.27.58.202
2015-05-10 18:00:25.564 INFO [SemRankerExecutor-13] StopWatch 'Google Italy keyword: best seo software Proxy: 186.154.203.45:3128 UA: Mozilla/5.0 (Macintosh; Intel Mac OS X 10_10_1) AppleWebKit/537.36 (KHTML, like Gecko) Chrome/41.0.2227.1 Safari/537.36': running time (millis) = 1187
-----------------------------------------
ms     %     Task name
-----------------------------------------
01162  098%  Searchengine call
00025  002%  Data parse

2015-05-10 18:00:25.660 INFO [jobExecutor-1] 2 active threads. Waiting...
2015-05-10 18:00:25.776 INFO [SemRankerExecutor-13] KEYWORD STORED BY PROXY: kw=best seo software proxy=186.154.203.45 se=Google Italy
2015-05-10 18:00:32.334 INFO [jobExecutor-1] 1 active threads. Waiting...
2015-05-10 18:00:38.769 INFO [jobExecutor-1] 1 active threads. Waiting...
2015-05-10 18:00:43.306 WARN [SemRankerExecutor-14] KEYWORD FAILED ON PROXY: kw=best seo software proxy=204.27.58.202 se=Google France
2015-05-10 18:00:43.785 INFO [jobExecutor-1] Waiting 20 seconds between iteration...
2015-05-10 18:01:03.792 INFO [jobExecutor-1] Iteration num. 4 max: 60
2015-05-10 18:01:03.800 INFO [jobExecutor-1] Found: 1 record to search
2015-05-10 18:01:03.806 INFO [jobExecutor-1] Found: 1 proxy available
2015-05-10 18:01:03.838 INFO [SemRankerExecutor-15] CALL: https://www.google.fr/search?q=best seo software&num=100&uule=w+CAIQICIGRnJhbmNl&start=0 SYSPROXY: 190.39.99.233 APPPROXY: 190.39.99.233
2015-05-10 18:01:04.287 INFO [jobExecutor-1] 1 active threads. Waiting...
2015-05-10 18:01:11.317 INFO [jobExecutor-1] 1 active threads. Waiting...
2015-05-10 18:01:17.032 INFO [jobExecutor-1] 1 active threads. Waiting...
2015-05-10 18:01:23.987 INFO [jobExecutor-1] 1 active threads. Waiting...
2015-05-10 18:01:29.209 INFO [jobExecutor-1] 1 active threads. Waiting...
2015-05-10 18:01:35.732 INFO [jobExecutor-1] 1 active threads. Waiting...
2015-05-10 18:01:42.321 INFO [jobExecutor-1] 1 active threads. Waiting...
2015-05-10 18:01:49.011 INFO [jobExecutor-1] 1 active threads. Waiting...
2015-05-10 18:01:53.936 INFO [jobExecutor-1] 1 active threads. Waiting...
2015-05-10 18:02:00.122 INFO [jobExecutor-1] 1 active threads. Waiting...
2015-05-10 18:02:04.970 INFO [SemRankerExecutor-15] StopWatch 'Google France keyword: best seo software Proxy: 190.39.99.233:8080 UA: Mozilla/5.0 (X11; Linux i586; rv:31.0) Gecko/20100101 Firefox/31.0': running time (millis) = 61131
-----------------------------------------
ms     %     Task name
-----------------------------------------
61096  100%  Searchengine call
00035  000%  Data parse

2015-05-10 18:02:05.302 INFO [SemRankerExecutor-15] KEYWORD STORED BY PROXY: kw=best seo software proxy=190.39.99.233 se=Google France
2015-05-10 18:02:06.026 INFO [jobExecutor-1] Waiting 20 seconds between iteration...
2015-05-10 18:02:26.031 INFO [jobExecutor-1] Iteration num. 5 max: 60
2015-05-10 18:02:26.036 INFO [jobExecutor-1] Found: 0 record to search
2015-05-10 18:02:26.037 INFO [jobExecutor-1] Waiting 20 seconds between iteration...
2015-05-10 18:02:46.042 INFO [jobExecutor-1] FINISH searching keywords of SearchEngine: 1
2015-05-10 18:04:00.608 INFO [pool-2-thread-1] It's time to update the competitors
2015-05-10 18:04:00.619 INFO [pool-2-thread-1] Found 2 accountDomain to update
2015-05-10 18:04:00.620 INFO [pool-2-thread-1] Updating competitors for AccountDomain with domain name: pescareinmare.com
2015-05-10 18:04:00.643 INFO [pool-2-thread-1] Updating competitors for AccountDomain with domain name: positionly.com
2015-05-10 18:04:01.132 INFO [pool-2-thread-1] Competitors Updated
2015-05-10 18:30:00.034 INFO [jobExecutor-1] START searching keywords of SearchEngine: 1
2015-05-10 18:30:00.034 INFO [jobExecutor-3] START searching keywords of SearchEngine: 3
2015-05-10 18:30:00.034 INFO [jobExecutor-2] START searching keywords of SearchEngine: 2
2015-05-10 18:30:00.049 INFO [jobExecutor-3] Found: 0 record to search
2015-05-10 18:30:00.049 INFO [jobExecutor-2] Found: 0 record to search
2015-05-10 18:30:00.050 INFO [jobExecutor-1] Found: 0 record to search
2015-05-10 18:30:00.064 INFO [jobExecutor-3] Found: 1 proxy available
2015-05-10 18:30:00.064 INFO [jobExecutor-2] Found: 1 proxy available
2015-05-10 18:30:00.064 INFO [jobExecutor-1] Found: 1 proxy available
2015-05-10 18:30:00.064 INFO [jobExecutor-3] FINISH searching keywords of SearchEngine: 3
2015-05-10 18:30:00.064 INFO [jobExecutor-2] FINISH searching keywords of SearchEngine: 2
2015-05-10 18:30:00.064 INFO [jobExecutor-1] FINISH searching keywords of SearchEngine: 1
2015-05-10 18:30:00.638 INFO [pool-2-thread-1] It's time to update the competitors
2015-05-10 18:30:00.648 INFO [pool-2-thread-1] Found 2 accountDomain to update
2015-05-10 18:30:00.648 INFO [pool-2-thread-1] Updating competitors for AccountDomain with domain name: pescareinmare.com
2015-05-10 18:34:00.030 INFO [jobExecutor-1] START searching keywords of SearchEngine: 1
2015-05-10 18:34:00.044 INFO [jobExecutor-3] START searching keywords of SearchEngine: 3
2015-05-10 18:34:00.044 INFO [jobExecutor-2] START searching keywords of SearchEngine: 2
2015-05-10 18:34:00.069 INFO [jobExecutor-3] Found: 0 record to search
2015-05-10 18:34:00.069 INFO [jobExecutor-2] Found: 0 record to search
2015-05-10 18:34:00.070 INFO [jobExecutor-1] Found: 0 record to search
2015-05-10 18:34:00.082 INFO [jobExecutor-1] Found: 1 proxy available
2015-05-10 18:34:00.082 INFO [jobExecutor-3] Found: 1 proxy available
2015-05-10 18:34:00.082 INFO [jobExecutor-2] Found: 1 proxy available
2015-05-10 18:34:00.083 INFO [jobExecutor-1] FINISH searching keywords of SearchEngine: 1
2015-05-10 18:34:00.083 INFO [jobExecutor-3] FINISH searching keywords of SearchEngine: 3
2015-05-10 18:34:00.083 INFO [jobExecutor-2] FINISH searching keywords of SearchEngine: 2
2015-05-10 18:34:00.681 INFO [pool-2-thread-1] It's time to update the competitors
2015-05-10 18:34:00.689 INFO [pool-2-thread-1] Found 2 accountDomain to update
2015-05-10 18:34:00.689 INFO [pool-2-thread-1] Updating competitors for AccountDomain with domain name: pescareinmare.com
2015-05-10 18:35:00.056 INFO [jobExecutor-1] START searching keywords of SearchEngine: 1
2015-05-10 18:35:00.056 INFO [jobExecutor-3] START searching keywords of SearchEngine: 3
2015-05-10 18:35:00.056 INFO [jobExecutor-2] START searching keywords of SearchEngine: 2
2015-05-10 18:35:00.070 INFO [jobExecutor-3] Found: 0 record to search
2015-05-10 18:35:00.070 INFO [jobExecutor-2] Found: 0 record to search
2015-05-10 18:35:00.072 INFO [jobExecutor-1] Found: 0 record to search
2015-05-10 18:35:00.085 INFO [jobExecutor-2] Found: 1 proxy available
2015-05-10 18:35:00.085 INFO [jobExecutor-3] Found: 1 proxy available
2015-05-10 18:35:00.085 INFO [jobExecutor-1] Found: 1 proxy available
2015-05-10 18:35:00.085 INFO [jobExecutor-2] FINISH searching keywords of SearchEngine: 2
2015-05-10 18:35:00.085 INFO [jobExecutor-3] FINISH searching keywords of SearchEngine: 3
2015-05-10 18:35:00.086 INFO [jobExecutor-1] FINISH searching keywords of SearchEngine: 1
2015-05-10 18:35:00.590 INFO [pool-2-thread-1] It's time to update the competitors
2015-05-10 18:35:00.600 INFO [pool-2-thread-1] Found 2 accountDomain to update
2015-05-10 18:35:00.600 INFO [pool-2-thread-1] Updating competitors for AccountDomain with domain name: pescareinmare.com
2015-05-10 18:36:27.012 INFO [pool-2-thread-1] Updating competitors for AccountDomain with domain name: positionly.com
2015-05-10 18:36:31.860 INFO [pool-2-thread-1] Competitors Updated
2015-05-10 18:38:00.030 INFO [jobExecutor-1] START searching keywords of SearchEngine: 1
2015-05-10 18:38:00.044 INFO [jobExecutor-2] START searching keywords of SearchEngine: 2
2015-05-10 18:38:00.044 INFO [jobExecutor-3] START searching keywords of SearchEngine: 3
2015-05-10 18:38:00.071 INFO [jobExecutor-3] Found: 0 record to search
2015-05-10 18:38:00.071 INFO [jobExecutor-2] Found: 0 record to search
2015-05-10 18:38:00.072 INFO [jobExecutor-1] Found: 0 record to search
2015-05-10 18:38:00.085 INFO [jobExecutor-2] Found: 1 proxy available
2015-05-10 18:38:00.085 INFO [jobExecutor-1] Found: 1 proxy available
2015-05-10 18:38:00.085 INFO [jobExecutor-3] Found: 1 proxy available
2015-05-10 18:38:00.085 INFO [jobExecutor-2] FINISH searching keywords of SearchEngine: 2
2015-05-10 18:38:00.085 INFO [jobExecutor-1] FINISH searching keywords of SearchEngine: 1
2015-05-10 18:38:00.085 INFO [jobExecutor-3] FINISH searching keywords of SearchEngine: 3
2015-05-10 18:38:00.648 INFO [pool-2-thread-1] It's time to update the competitors
2015-05-10 18:38:00.656 INFO [pool-2-thread-1] Found 2 accountDomain to update
2015-05-10 18:38:00.656 INFO [pool-2-thread-1] Updating competitors for AccountDomain with domain name: pescareinmare.com
2015-05-10 18:38:57.887 INFO [pool-2-thread-1] Updating competitors for AccountDomain with domain name: positionly.com
2015-05-10 18:40:09.014 INFO [pool-2-thread-1] Competitors Updated
2015-05-10 18:41:00.029 INFO [jobExecutor-3] START searching keywords of SearchEngine: 3
2015-05-10 18:41:00.029 INFO [jobExecutor-1] START searching keywords of SearchEngine: 1
2015-05-10 18:41:00.029 INFO [jobExecutor-2] START searching keywords of SearchEngine: 2
2015-05-10 18:41:00.045 INFO [jobExecutor-3] Found: 0 record to search
2015-05-10 18:41:00.045 INFO [jobExecutor-2] Found: 0 record to search
2015-05-10 18:41:00.047 INFO [jobExecutor-1] Found: 0 record to search
2015-05-10 18:41:00.060 INFO [jobExecutor-3] Found: 1 proxy available
2015-05-10 18:41:00.060 INFO [jobExecutor-2] Found: 1 proxy available
2015-05-10 18:41:00.060 INFO [jobExecutor-1] Found: 1 proxy available
2015-05-10 18:41:00.061 INFO [jobExecutor-3] FINISH searching keywords of SearchEngine: 3
2015-05-10 18:41:00.061 INFO [jobExecutor-2] FINISH searching keywords of SearchEngine: 2
2015-05-10 18:41:00.061 INFO [jobExecutor-1] FINISH searching keywords of SearchEngine: 1
2015-05-10 18:41:00.444 INFO [pool-2-thread-1] It's time to update the competitors
2015-05-10 18:41:00.453 INFO [pool-2-thread-1] Found 2 accountDomain to update
2015-05-10 18:41:00.454 INFO [pool-2-thread-1] Updating competitors for AccountDomain with domain name: pescareinmare.com
2015-05-10 18:43:00.027 INFO [jobExecutor-1] START searching keywords of SearchEngine: 1
2015-05-10 18:43:00.027 INFO [jobExecutor-3] START searching keywords of SearchEngine: 3
2015-05-10 18:43:00.027 INFO [jobExecutor-2] START searching keywords of SearchEngine: 2
2015-05-10 18:43:00.042 INFO [jobExecutor-2] Found: 0 record to search
2015-05-10 18:43:00.042 INFO [jobExecutor-3] Found: 0 record to search
2015-05-10 18:43:00.043 INFO [jobExecutor-1] Found: 0 record to search
2015-05-10 18:43:00.057 INFO [jobExecutor-1] Found: 1 proxy available
2015-05-10 18:43:00.057 INFO [jobExecutor-2] Found: 1 proxy available
2015-05-10 18:43:00.057 INFO [jobExecutor-3] Found: 1 proxy available
2015-05-10 18:43:00.058 INFO [jobExecutor-1] FINISH searching keywords of SearchEngine: 1
2015-05-10 18:43:00.058 INFO [jobExecutor-2] FINISH searching keywords of SearchEngine: 2
2015-05-10 18:43:00.058 INFO [jobExecutor-3] FINISH searching keywords of SearchEngine: 3
2015-05-10 18:43:00.769 INFO [pool-2-thread-1] It's time to update the competitors
2015-05-10 18:43:00.778 INFO [pool-2-thread-1] Found 2 accountDomain to update
2015-05-10 18:43:00.779 INFO [pool-2-thread-1] Updating competitors for AccountDomain with domain name: pescareinmare.com
2015-05-10 18:48:00.031 INFO [jobExecutor-1] START searching keywords of SearchEngine: 1
2015-05-10 18:48:00.031 INFO [jobExecutor-2] START searching keywords of SearchEngine: 2
2015-05-10 18:48:00.031 INFO [jobExecutor-3] START searching keywords of SearchEngine: 3
2015-05-10 18:48:00.045 INFO [jobExecutor-3] Found: 0 record to search
2015-05-10 18:48:00.045 INFO [jobExecutor-2] Found: 0 record to search
2015-05-10 18:48:00.046 INFO [jobExecutor-1] Found: 0 record to search
2015-05-10 18:48:00.059 INFO [jobExecutor-3] Found: 1 proxy available
2015-05-10 18:48:00.059 INFO [jobExecutor-2] Found: 1 proxy available
2015-05-10 18:48:00.059 INFO [jobExecutor-1] Found: 1 proxy available
2015-05-10 18:48:00.060 INFO [jobExecutor-3] FINISH searching keywords of SearchEngine: 3
2015-05-10 18:48:00.060 INFO [jobExecutor-2] FINISH searching keywords of SearchEngine: 2
2015-05-10 18:48:00.060 INFO [jobExecutor-1] FINISH searching keywords of SearchEngine: 1
2015-05-10 18:48:00.508 INFO [pool-2-thread-1] It's time to update the competitors
2015-05-10 18:48:00.519 INFO [pool-2-thread-1] Found 2 accountDomain to update
2015-05-10 18:48:00.519 INFO [pool-2-thread-1] Updating competitors for AccountDomain with domain name: pescareinmare.com
2015-05-10 18:48:08.297 INFO [pool-2-thread-1] Updating competitors for AccountDomain with domain name: positionly.com
2015-05-10 18:48:23.500 INFO [pool-2-thread-1] Competitors Updated
2015-05-10 18:51:00.029 INFO [jobExecutor-1] START searching keywords of SearchEngine: 1
2015-05-10 18:51:00.029 INFO [jobExecutor-3] START searching keywords of SearchEngine: 3
2015-05-10 18:51:00.029 INFO [jobExecutor-2] START searching keywords of SearchEngine: 2
2015-05-10 18:51:00.048 INFO [jobExecutor-3] Found: 0 record to search
2015-05-10 18:51:00.048 INFO [jobExecutor-2] Found: 0 record to search
2015-05-10 18:51:00.050 INFO [jobExecutor-1] Found: 0 record to search
2015-05-10 18:51:00.064 INFO [jobExecutor-2] Found: 1 proxy available
2015-05-10 18:51:00.064 INFO [jobExecutor-3] Found: 1 proxy available
2015-05-10 18:51:00.064 INFO [jobExecutor-1] Found: 1 proxy available
2015-05-10 18:51:00.064 INFO [jobExecutor-2] FINISH searching keywords of SearchEngine: 2
2015-05-10 18:51:00.064 INFO [jobExecutor-3] FINISH searching keywords of SearchEngine: 3
2015-05-10 18:51:00.064 INFO [jobExecutor-1] FINISH searching keywords of SearchEngine: 1
2015-05-10 18:51:00.669 INFO [pool-2-thread-1] It's time to update the competitors
2015-05-10 18:51:00.680 INFO [pool-2-thread-1] Found 2 accountDomain to update
2015-05-10 18:51:00.680 INFO [pool-2-thread-1] Updating competitors for AccountDomain with domain name: pescareinmare.com
2015-05-10 18:51:13.884 INFO [pool-2-thread-1] Updating competitors for AccountDomain with domain name: positionly.com
2015-05-10 18:51:37.574 INFO [pool-2-thread-1] Competitors Updated
